mode: set
github.com/tiagodread/grpc-tickets/pkg/services/calculator/calculator.pb.go:34.27,39.2 4 0
github.com/tiagodread/grpc-tickets/pkg/services/calculator/calculator.pb.go:41.35,43.2 1 0
github.com/tiagodread/grpc-tickets/pkg/services/calculator/calculator.pb.go:45.33,45.34 0 0
github.com/tiagodread/grpc-tickets/pkg/services/calculator/calculator.pb.go:47.55,49.14 2 0
github.com/tiagodread/grpc-tickets/pkg/services/calculator/calculator.pb.go:49.14,51.34 2 0
github.com/tiagodread/grpc-tickets/pkg/services/calculator/calculator.pb.go:51.34,53.4 1 0
github.com/tiagodread/grpc-tickets/pkg/services/calculator/calculator.pb.go:54.3,54.12 1 0
github.com/tiagodread/grpc-tickets/pkg/services/calculator/calculator.pb.go:56.2,56.24 1 0
github.com/tiagodread/grpc-tickets/pkg/services/calculator/calculator.pb.go:60.46,62.2 1 0
github.com/tiagodread/grpc-tickets/pkg/services/calculator/calculator.pb.go:64.32,65.14 1 0
github.com/tiagodread/grpc-tickets/pkg/services/calculator/calculator.pb.go:65.14,67.3 1 0
github.com/tiagodread/grpc-tickets/pkg/services/calculator/calculator.pb.go:68.2,68.10 1 0
github.com/tiagodread/grpc-tickets/pkg/services/calculator/calculator.pb.go:71.32,72.14 1 0
github.com/tiagodread/grpc-tickets/pkg/services/calculator/calculator.pb.go:72.14,74.3 1 0
github.com/tiagodread/grpc-tickets/pkg/services/calculator/calculator.pb.go:75.2,75.10 1 0
github.com/tiagodread/grpc-tickets/pkg/services/calculator/calculator.pb.go:85.28,90.2 4 0
github.com/tiagodread/grpc-tickets/pkg/services/calculator/calculator.pb.go:92.36,94.2 1 0
github.com/tiagodread/grpc-tickets/pkg/services/calculator/calculator.pb.go:96.34,96.35 0 0
github.com/tiagodread/grpc-tickets/pkg/services/calculator/calculator.pb.go:98.56,100.14 2 0
github.com/tiagodread/grpc-tickets/pkg/services/calculator/calculator.pb.go:100.14,102.34 2 0
github.com/tiagodread/grpc-tickets/pkg/services/calculator/calculator.pb.go:102.34,104.4 1 0
github.com/tiagodread/grpc-tickets/pkg/services/calculator/calculator.pb.go:105.3,105.12 1 0
github.com/tiagodread/grpc-tickets/pkg/services/calculator/calculator.pb.go:107.2,107.24 1 0
github.com/tiagodread/grpc-tickets/pkg/services/calculator/calculator.pb.go:111.47,113.2 1 0
github.com/tiagodread/grpc-tickets/pkg/services/calculator/calculator.pb.go:115.38,116.14 1 0
github.com/tiagodread/grpc-tickets/pkg/services/calculator/calculator.pb.go:116.14,118.3 1 0
github.com/tiagodread/grpc-tickets/pkg/services/calculator/calculator.pb.go:119.2,119.10 1 0
github.com/tiagodread/grpc-tickets/pkg/services/calculator/calculator.pb.go:144.73,145.70 1 0
github.com/tiagodread/grpc-tickets/pkg/services/calculator/calculator.pb.go:145.70,147.3 1 0
github.com/tiagodread/grpc-tickets/pkg/services/calculator/calculator.pb.go:148.2,148.66 1 0
github.com/tiagodread/grpc-tickets/pkg/services/calculator/calculator.pb.go:172.13,172.69 1 0
github.com/tiagodread/grpc-tickets/pkg/services/calculator/calculator.pb.go:173.59,174.58 1 0
github.com/tiagodread/grpc-tickets/pkg/services/calculator/calculator.pb.go:174.58,176.3 1 0
github.com/tiagodread/grpc-tickets/pkg/services/calculator/calculator.pb.go:177.2,193.61 5 0
github.com/tiagodread/grpc-tickets/pkg/services/calculator/calculator_grpc.pb.go:44.86,46.2 1 0
github.com/tiagodread/grpc-tickets/pkg/services/calculator/calculator_grpc.pb.go:48.117,52.16 4 0
github.com/tiagodread/grpc-tickets/pkg/services/calculator/calculator_grpc.pb.go:52.16,54.3 1 0
github.com/tiagodread/grpc-tickets/pkg/services/calculator/calculator_grpc.pb.go:55.2,55.17 1 0
github.com/tiagodread/grpc-tickets/pkg/services/calculator/calculator_grpc.pb.go:58.120,62.16 4 0
github.com/tiagodread/grpc-tickets/pkg/services/calculator/calculator_grpc.pb.go:62.16,64.3 1 0
github.com/tiagodread/grpc-tickets/pkg/services/calculator/calculator_grpc.pb.go:65.2,65.17 1 0
github.com/tiagodread/grpc-tickets/pkg/services/calculator/calculator_grpc.pb.go:68.122,72.16 4 0
github.com/tiagodread/grpc-tickets/pkg/services/calculator/calculator_grpc.pb.go:72.16,74.3 1 0
github.com/tiagodread/grpc-tickets/pkg/services/calculator/calculator_grpc.pb.go:75.2,75.17 1 0
github.com/tiagodread/grpc-tickets/pkg/services/calculator/calculator_grpc.pb.go:78.122,82.16 4 0
github.com/tiagodread/grpc-tickets/pkg/services/calculator/calculator_grpc.pb.go:82.16,84.3 1 0
github.com/tiagodread/grpc-tickets/pkg/services/calculator/calculator_grpc.pb.go:85.2,85.17 1 0
github.com/tiagodread/grpc-tickets/pkg/services/calculator/calculator_grpc.pb.go:106.95,108.2 1 0
github.com/tiagodread/grpc-tickets/pkg/services/calculator/calculator_grpc.pb.go:109.98,111.2 1 0
github.com/tiagodread/grpc-tickets/pkg/services/calculator/calculator_grpc.pb.go:112.100,114.2 1 0
github.com/tiagodread/grpc-tickets/pkg/services/calculator/calculator_grpc.pb.go:115.100,117.2 1 0
github.com/tiagodread/grpc-tickets/pkg/services/calculator/calculator_grpc.pb.go:118.94,118.95 0 0
github.com/tiagodread/grpc-tickets/pkg/services/calculator/calculator_grpc.pb.go:119.94,119.95 0 0
github.com/tiagodread/grpc-tickets/pkg/services/calculator/calculator_grpc.pb.go:128.92,133.59 1 0
github.com/tiagodread/grpc-tickets/pkg/services/calculator/calculator_grpc.pb.go:133.59,135.3 1 0
github.com/tiagodread/grpc-tickets/pkg/services/calculator/calculator_grpc.pb.go:136.2,136.56 1 0
github.com/tiagodread/grpc-tickets/pkg/services/calculator/calculator_grpc.pb.go:139.166,141.32 2 0
github.com/tiagodread/grpc-tickets/pkg/services/calculator/calculator_grpc.pb.go:141.32,143.3 1 0
github.com/tiagodread/grpc-tickets/pkg/services/calculator/calculator_grpc.pb.go:144.2,144.24 1 0
github.com/tiagodread/grpc-tickets/pkg/services/calculator/calculator_grpc.pb.go:144.24,146.3 1 0
github.com/tiagodread/grpc-tickets/pkg/services/calculator/calculator_grpc.pb.go:147.2,151.77 2 0
github.com/tiagodread/grpc-tickets/pkg/services/calculator/calculator_grpc.pb.go:151.77,153.3 1 0
github.com/tiagodread/grpc-tickets/pkg/services/calculator/calculator_grpc.pb.go:154.2,154.44 1 0
github.com/tiagodread/grpc-tickets/pkg/services/calculator/calculator_grpc.pb.go:157.169,159.32 2 0
github.com/tiagodread/grpc-tickets/pkg/services/calculator/calculator_grpc.pb.go:159.32,161.3 1 0
github.com/tiagodread/grpc-tickets/pkg/services/calculator/calculator_grpc.pb.go:162.2,162.24 1 0
github.com/tiagodread/grpc-tickets/pkg/services/calculator/calculator_grpc.pb.go:162.24,164.3 1 0
github.com/tiagodread/grpc-tickets/pkg/services/calculator/calculator_grpc.pb.go:165.2,169.77 2 0
github.com/tiagodread/grpc-tickets/pkg/services/calculator/calculator_grpc.pb.go:169.77,171.3 1 0
github.com/tiagodread/grpc-tickets/pkg/services/calculator/calculator_grpc.pb.go:172.2,172.44 1 0
github.com/tiagodread/grpc-tickets/pkg/services/calculator/calculator_grpc.pb.go:175.171,177.32 2 0
github.com/tiagodread/grpc-tickets/pkg/services/calculator/calculator_grpc.pb.go:177.32,179.3 1 0
github.com/tiagodread/grpc-tickets/pkg/services/calculator/calculator_grpc.pb.go:180.2,180.24 1 0
github.com/tiagodread/grpc-tickets/pkg/services/calculator/calculator_grpc.pb.go:180.24,182.3 1 0
github.com/tiagodread/grpc-tickets/pkg/services/calculator/calculator_grpc.pb.go:183.2,187.77 2 0
github.com/tiagodread/grpc-tickets/pkg/services/calculator/calculator_grpc.pb.go:187.77,189.3 1 0
github.com/tiagodread/grpc-tickets/pkg/services/calculator/calculator_grpc.pb.go:190.2,190.44 1 0
github.com/tiagodread/grpc-tickets/pkg/services/calculator/calculator_grpc.pb.go:193.171,195.32 2 0
github.com/tiagodread/grpc-tickets/pkg/services/calculator/calculator_grpc.pb.go:195.32,197.3 1 0
github.com/tiagodread/grpc-tickets/pkg/services/calculator/calculator_grpc.pb.go:198.2,198.24 1 0
github.com/tiagodread/grpc-tickets/pkg/services/calculator/calculator_grpc.pb.go:198.24,200.3 1 0
github.com/tiagodread/grpc-tickets/pkg/services/calculator/calculator_grpc.pb.go:201.2,205.77 2 0
github.com/tiagodread/grpc-tickets/pkg/services/calculator/calculator_grpc.pb.go:205.77,207.3 1 0
github.com/tiagodread/grpc-tickets/pkg/services/calculator/calculator_grpc.pb.go:208.2,208.44 1 0
github.com/tiagodread/grpc-tickets/services/calculator/cmd/grpc/main.go:14.13,16.16 2 0
github.com/tiagodread/grpc-tickets/services/calculator/cmd/grpc/main.go:16.16,18.3 1 0
github.com/tiagodread/grpc-tickets/services/calculator/cmd/grpc/main.go:20.2,27.49 5 0
github.com/tiagodread/grpc-tickets/services/calculator/cmd/grpc/main.go:27.49,29.3 1 0
github.com/tiagodread/grpc-tickets/services/calculator/cmd/grpc/main.go:31.2,31.55 1 0
github.com/tiagodread/grpc-tickets/services/calculator/internal/service/mocks/mock_calculator_service.go:32.79,36.2 3 0
github.com/tiagodread/grpc-tickets/services/calculator/internal/service/mocks/mock_calculator_service.go:39.77,41.2 1 0
github.com/tiagodread/grpc-tickets/services/calculator/internal/service/mocks/mock_calculator_service.go:44.88,50.2 5 0
github.com/tiagodread/grpc-tickets/services/calculator/internal/service/mocks/mock_calculator_service.go:53.81,56.2 2 0
github.com/tiagodread/grpc-tickets/services/calculator/internal/service/mocks/mock_calculator_service.go:59.90,65.2 5 0
github.com/tiagodread/grpc-tickets/services/calculator/internal/service/mocks/mock_calculator_service.go:68.83,71.2 2 0
github.com/tiagodread/grpc-tickets/services/calculator/internal/service/mocks/mock_calculator_service.go:74.90,80.2 5 0
github.com/tiagodread/grpc-tickets/services/calculator/internal/service/mocks/mock_calculator_service.go:83.83,86.2 2 0
github.com/tiagodread/grpc-tickets/services/calculator/internal/service/mocks/mock_calculator_service.go:89.85,95.2 5 0
github.com/tiagodread/grpc-tickets/services/calculator/internal/service/mocks/mock_calculator_service.go:98.78,101.2 2 0
github.com/tiagodread/grpc-tickets/services/calculator/internal/service/calculator_service.go:16.47,18.2 1 1
github.com/tiagodread/grpc-tickets/services/calculator/internal/service/calculator_service.go:20.85,23.2 2 1
github.com/tiagodread/grpc-tickets/services/calculator/internal/service/calculator_service.go:25.94,26.12 1 0
github.com/tiagodread/grpc-tickets/services/calculator/internal/service/calculator_service.go:26.12,28.3 1 0
github.com/tiagodread/grpc-tickets/services/calculator/internal/service/calculator_service.go:29.2,30.20 2 0
github.com/tiagodread/grpc-tickets/services/calculator/internal/service/calculator_service.go:33.96,36.2 2 0
github.com/tiagodread/grpc-tickets/services/calculator/internal/service/calculator_service.go:38.96,41.2 2 0
github.com/tiagodread/grpc-tickets/pkg/services/calculator/calculator.pb.go:34.27,39.2 4 0
github.com/tiagodread/grpc-tickets/pkg/services/calculator/calculator.pb.go:41.35,43.2 1 0
github.com/tiagodread/grpc-tickets/pkg/services/calculator/calculator.pb.go:45.33,45.34 0 0
github.com/tiagodread/grpc-tickets/pkg/services/calculator/calculator.pb.go:47.55,49.14 2 0
github.com/tiagodread/grpc-tickets/pkg/services/calculator/calculator.pb.go:49.14,51.34 2 0
github.com/tiagodread/grpc-tickets/pkg/services/calculator/calculator.pb.go:51.34,53.4 1 0
github.com/tiagodread/grpc-tickets/pkg/services/calculator/calculator.pb.go:54.3,54.12 1 0
github.com/tiagodread/grpc-tickets/pkg/services/calculator/calculator.pb.go:56.2,56.24 1 0
github.com/tiagodread/grpc-tickets/pkg/services/calculator/calculator.pb.go:60.46,62.2 1 0
github.com/tiagodread/grpc-tickets/pkg/services/calculator/calculator.pb.go:64.32,65.14 1 1
github.com/tiagodread/grpc-tickets/pkg/services/calculator/calculator.pb.go:65.14,67.3 1 1
github.com/tiagodread/grpc-tickets/pkg/services/calculator/calculator.pb.go:68.2,68.10 1 0
github.com/tiagodread/grpc-tickets/pkg/services/calculator/calculator.pb.go:71.32,72.14 1 1
github.com/tiagodread/grpc-tickets/pkg/services/calculator/calculator.pb.go:72.14,74.3 1 1
github.com/tiagodread/grpc-tickets/pkg/services/calculator/calculator.pb.go:75.2,75.10 1 0
github.com/tiagodread/grpc-tickets/pkg/services/calculator/calculator.pb.go:85.28,90.2 4 0
github.com/tiagodread/grpc-tickets/pkg/services/calculator/calculator.pb.go:92.36,94.2 1 0
github.com/tiagodread/grpc-tickets/pkg/services/calculator/calculator.pb.go:96.34,96.35 0 0
github.com/tiagodread/grpc-tickets/pkg/services/calculator/calculator.pb.go:98.56,100.14 2 0
github.com/tiagodread/grpc-tickets/pkg/services/calculator/calculator.pb.go:100.14,102.34 2 0
github.com/tiagodread/grpc-tickets/pkg/services/calculator/calculator.pb.go:102.34,104.4 1 0
github.com/tiagodread/grpc-tickets/pkg/services/calculator/calculator.pb.go:105.3,105.12 1 0
github.com/tiagodread/grpc-tickets/pkg/services/calculator/calculator.pb.go:107.2,107.24 1 0
github.com/tiagodread/grpc-tickets/pkg/services/calculator/calculator.pb.go:111.47,113.2 1 0
github.com/tiagodread/grpc-tickets/pkg/services/calculator/calculator.pb.go:115.38,116.14 1 0
github.com/tiagodread/grpc-tickets/pkg/services/calculator/calculator.pb.go:116.14,118.3 1 0
github.com/tiagodread/grpc-tickets/pkg/services/calculator/calculator.pb.go:119.2,119.10 1 0
github.com/tiagodread/grpc-tickets/pkg/services/calculator/calculator.pb.go:144.73,145.70 1 0
github.com/tiagodread/grpc-tickets/pkg/services/calculator/calculator.pb.go:145.70,147.3 1 0
github.com/tiagodread/grpc-tickets/pkg/services/calculator/calculator.pb.go:148.2,148.66 1 0
github.com/tiagodread/grpc-tickets/pkg/services/calculator/calculator.pb.go:172.13,172.69 1 1
github.com/tiagodread/grpc-tickets/pkg/services/calculator/calculator.pb.go:173.59,174.58 1 1
github.com/tiagodread/grpc-tickets/pkg/services/calculator/calculator.pb.go:174.58,176.3 1 0
github.com/tiagodread/grpc-tickets/pkg/services/calculator/calculator.pb.go:177.2,193.61 5 1
github.com/tiagodread/grpc-tickets/pkg/services/calculator/calculator_grpc.pb.go:44.86,46.2 1 0
github.com/tiagodread/grpc-tickets/pkg/services/calculator/calculator_grpc.pb.go:48.117,52.16 4 0
github.com/tiagodread/grpc-tickets/pkg/services/calculator/calculator_grpc.pb.go:52.16,54.3 1 0
github.com/tiagodread/grpc-tickets/pkg/services/calculator/calculator_grpc.pb.go:55.2,55.17 1 0
github.com/tiagodread/grpc-tickets/pkg/services/calculator/calculator_grpc.pb.go:58.120,62.16 4 0
github.com/tiagodread/grpc-tickets/pkg/services/calculator/calculator_grpc.pb.go:62.16,64.3 1 0
github.com/tiagodread/grpc-tickets/pkg/services/calculator/calculator_grpc.pb.go:65.2,65.17 1 0
github.com/tiagodread/grpc-tickets/pkg/services/calculator/calculator_grpc.pb.go:68.122,72.16 4 0
github.com/tiagodread/grpc-tickets/pkg/services/calculator/calculator_grpc.pb.go:72.16,74.3 1 0
github.com/tiagodread/grpc-tickets/pkg/services/calculator/calculator_grpc.pb.go:75.2,75.17 1 0
github.com/tiagodread/grpc-tickets/pkg/services/calculator/calculator_grpc.pb.go:78.122,82.16 4 0
github.com/tiagodread/grpc-tickets/pkg/services/calculator/calculator_grpc.pb.go:82.16,84.3 1 0
github.com/tiagodread/grpc-tickets/pkg/services/calculator/calculator_grpc.pb.go:85.2,85.17 1 0
github.com/tiagodread/grpc-tickets/pkg/services/calculator/calculator_grpc.pb.go:106.95,108.2 1 0
github.com/tiagodread/grpc-tickets/pkg/services/calculator/calculator_grpc.pb.go:109.98,111.2 1 0
github.com/tiagodread/grpc-tickets/pkg/services/calculator/calculator_grpc.pb.go:112.100,114.2 1 0
github.com/tiagodread/grpc-tickets/pkg/services/calculator/calculator_grpc.pb.go:115.100,117.2 1 0
github.com/tiagodread/grpc-tickets/pkg/services/calculator/calculator_grpc.pb.go:118.94,118.95 0 0
github.com/tiagodread/grpc-tickets/pkg/services/calculator/calculator_grpc.pb.go:119.94,119.95 0 0
github.com/tiagodread/grpc-tickets/pkg/services/calculator/calculator_grpc.pb.go:128.92,133.59 1 0
github.com/tiagodread/grpc-tickets/pkg/services/calculator/calculator_grpc.pb.go:133.59,135.3 1 0
github.com/tiagodread/grpc-tickets/pkg/services/calculator/calculator_grpc.pb.go:136.2,136.56 1 0
github.com/tiagodread/grpc-tickets/pkg/services/calculator/calculator_grpc.pb.go:139.166,141.32 2 0
github.com/tiagodread/grpc-tickets/pkg/services/calculator/calculator_grpc.pb.go:141.32,143.3 1 0
github.com/tiagodread/grpc-tickets/pkg/services/calculator/calculator_grpc.pb.go:144.2,144.24 1 0
github.com/tiagodread/grpc-tickets/pkg/services/calculator/calculator_grpc.pb.go:144.24,146.3 1 0
github.com/tiagodread/grpc-tickets/pkg/services/calculator/calculator_grpc.pb.go:147.2,151.77 2 0
github.com/tiagodread/grpc-tickets/pkg/services/calculator/calculator_grpc.pb.go:151.77,153.3 1 0
github.com/tiagodread/grpc-tickets/pkg/services/calculator/calculator_grpc.pb.go:154.2,154.44 1 0
github.com/tiagodread/grpc-tickets/pkg/services/calculator/calculator_grpc.pb.go:157.169,159.32 2 0
github.com/tiagodread/grpc-tickets/pkg/services/calculator/calculator_grpc.pb.go:159.32,161.3 1 0
github.com/tiagodread/grpc-tickets/pkg/services/calculator/calculator_grpc.pb.go:162.2,162.24 1 0
github.com/tiagodread/grpc-tickets/pkg/services/calculator/calculator_grpc.pb.go:162.24,164.3 1 0
github.com/tiagodread/grpc-tickets/pkg/services/calculator/calculator_grpc.pb.go:165.2,169.77 2 0
github.com/tiagodread/grpc-tickets/pkg/services/calculator/calculator_grpc.pb.go:169.77,171.3 1 0
github.com/tiagodread/grpc-tickets/pkg/services/calculator/calculator_grpc.pb.go:172.2,172.44 1 0
github.com/tiagodread/grpc-tickets/pkg/services/calculator/calculator_grpc.pb.go:175.171,177.32 2 0
github.com/tiagodread/grpc-tickets/pkg/services/calculator/calculator_grpc.pb.go:177.32,179.3 1 0
github.com/tiagodread/grpc-tickets/pkg/services/calculator/calculator_grpc.pb.go:180.2,180.24 1 0
github.com/tiagodread/grpc-tickets/pkg/services/calculator/calculator_grpc.pb.go:180.24,182.3 1 0
github.com/tiagodread/grpc-tickets/pkg/services/calculator/calculator_grpc.pb.go:183.2,187.77 2 0
github.com/tiagodread/grpc-tickets/pkg/services/calculator/calculator_grpc.pb.go:187.77,189.3 1 0
github.com/tiagodread/grpc-tickets/pkg/services/calculator/calculator_grpc.pb.go:190.2,190.44 1 0
github.com/tiagodread/grpc-tickets/pkg/services/calculator/calculator_grpc.pb.go:193.171,195.32 2 0
github.com/tiagodread/grpc-tickets/pkg/services/calculator/calculator_grpc.pb.go:195.32,197.3 1 0
github.com/tiagodread/grpc-tickets/pkg/services/calculator/calculator_grpc.pb.go:198.2,198.24 1 0
github.com/tiagodread/grpc-tickets/pkg/services/calculator/calculator_grpc.pb.go:198.24,200.3 1 0
github.com/tiagodread/grpc-tickets/pkg/services/calculator/calculator_grpc.pb.go:201.2,205.77 2 0
github.com/tiagodread/grpc-tickets/pkg/services/calculator/calculator_grpc.pb.go:205.77,207.3 1 0
github.com/tiagodread/grpc-tickets/pkg/services/calculator/calculator_grpc.pb.go:208.2,208.44 1 0
github.com/tiagodread/grpc-tickets/services/calculator/internal/handler/grpc_handler.go:15.77,19.2 1 1
github.com/tiagodread/grpc-tickets/services/calculator/internal/handler/grpc_handler.go:21.93,23.16 2 1
github.com/tiagodread/grpc-tickets/services/calculator/internal/handler/grpc_handler.go:23.16,25.3 1 1
github.com/tiagodread/grpc-tickets/services/calculator/internal/handler/grpc_handler.go:26.2,26.42 1 1
github.com/tiagodread/grpc-tickets/services/calculator/internal/handler/grpc_handler.go:29.98,31.16 2 0
github.com/tiagodread/grpc-tickets/services/calculator/internal/handler/grpc_handler.go:31.16,33.3 1 0
github.com/tiagodread/grpc-tickets/services/calculator/internal/handler/grpc_handler.go:34.2,34.42 1 0
github.com/tiagodread/grpc-tickets/services/calculator/internal/service/mocks/mock_calculator_service.go:32.79,36.2 3 1
github.com/tiagodread/grpc-tickets/services/calculator/internal/service/mocks/mock_calculator_service.go:39.77,41.2 1 1
github.com/tiagodread/grpc-tickets/services/calculator/internal/service/mocks/mock_calculator_service.go:44.88,50.2 5 0
github.com/tiagodread/grpc-tickets/services/calculator/internal/service/mocks/mock_calculator_service.go:53.81,56.2 2 0
github.com/tiagodread/grpc-tickets/services/calculator/internal/service/mocks/mock_calculator_service.go:59.90,65.2 5 0
github.com/tiagodread/grpc-tickets/services/calculator/internal/service/mocks/mock_calculator_service.go:68.83,71.2 2 0
github.com/tiagodread/grpc-tickets/services/calculator/internal/service/mocks/mock_calculator_service.go:74.90,80.2 5 0
github.com/tiagodread/grpc-tickets/services/calculator/internal/service/mocks/mock_calculator_service.go:83.83,86.2 2 0
github.com/tiagodread/grpc-tickets/services/calculator/internal/service/mocks/mock_calculator_service.go:89.85,95.2 5 1
github.com/tiagodread/grpc-tickets/services/calculator/internal/service/mocks/mock_calculator_service.go:98.78,101.2 2 1
