mode: set
github.com/tiagodread/grpc-tickets/pkg/services/factors/factors.pb.go:31.33,36.2 4 0
github.com/tiagodread/grpc-tickets/pkg/services/factors/factors.pb.go:38.41,40.2 1 0
github.com/tiagodread/grpc-tickets/pkg/services/factors/factors.pb.go:42.39,42.40 0 0
github.com/tiagodread/grpc-tickets/pkg/services/factors/factors.pb.go:44.61,46.14 2 0
github.com/tiagodread/grpc-tickets/pkg/services/factors/factors.pb.go:46.14,48.34 2 0
github.com/tiagodread/grpc-tickets/pkg/services/factors/factors.pb.go:48.34,50.4 1 0
github.com/tiagodread/grpc-tickets/pkg/services/factors/factors.pb.go:51.3,51.12 1 0
github.com/tiagodread/grpc-tickets/pkg/services/factors/factors.pb.go:53.2,53.24 1 0
github.com/tiagodread/grpc-tickets/pkg/services/factors/factors.pb.go:57.52,59.2 1 0
github.com/tiagodread/grpc-tickets/pkg/services/factors/factors.pb.go:61.44,62.14 1 0
github.com/tiagodread/grpc-tickets/pkg/services/factors/factors.pb.go:62.14,64.3 1 0
github.com/tiagodread/grpc-tickets/pkg/services/factors/factors.pb.go:65.2,65.11 1 0
github.com/tiagodread/grpc-tickets/pkg/services/factors/factors.pb.go:75.34,80.2 4 0
github.com/tiagodread/grpc-tickets/pkg/services/factors/factors.pb.go:82.42,84.2 1 0
github.com/tiagodread/grpc-tickets/pkg/services/factors/factors.pb.go:86.40,86.41 0 0
github.com/tiagodread/grpc-tickets/pkg/services/factors/factors.pb.go:88.62,90.14 2 0
github.com/tiagodread/grpc-tickets/pkg/services/factors/factors.pb.go:90.14,92.34 2 0
github.com/tiagodread/grpc-tickets/pkg/services/factors/factors.pb.go:92.34,94.4 1 0
github.com/tiagodread/grpc-tickets/pkg/services/factors/factors.pb.go:95.3,95.12 1 0
github.com/tiagodread/grpc-tickets/pkg/services/factors/factors.pb.go:97.2,97.24 1 0
github.com/tiagodread/grpc-tickets/pkg/services/factors/factors.pb.go:101.53,103.2 1 0
github.com/tiagodread/grpc-tickets/pkg/services/factors/factors.pb.go:105.43,106.14 1 0
github.com/tiagodread/grpc-tickets/pkg/services/factors/factors.pb.go:106.14,108.3 1 0
github.com/tiagodread/grpc-tickets/pkg/services/factors/factors.pb.go:109.2,109.10 1 0
github.com/tiagodread/grpc-tickets/pkg/services/factors/factors.pb.go:129.67,130.64 1 0
github.com/tiagodread/grpc-tickets/pkg/services/factors/factors.pb.go:130.64,132.3 1 0
github.com/tiagodread/grpc-tickets/pkg/services/factors/factors.pb.go:133.2,133.60 1 0
github.com/tiagodread/grpc-tickets/pkg/services/factors/factors.pb.go:151.13,151.63 1 0
github.com/tiagodread/grpc-tickets/pkg/services/factors/factors.pb.go:152.53,153.52 1 0
github.com/tiagodread/grpc-tickets/pkg/services/factors/factors.pb.go:153.52,155.3 1 0
github.com/tiagodread/grpc-tickets/pkg/services/factors/factors.pb.go:156.2,172.55 5 0
github.com/tiagodread/grpc-tickets/pkg/services/factors/factors_grpc.pb.go:36.80,38.2 1 0
github.com/tiagodread/grpc-tickets/pkg/services/factors/factors_grpc.pb.go:40.132,44.16 4 0
github.com/tiagodread/grpc-tickets/pkg/services/factors/factors_grpc.pb.go:44.16,46.3 1 0
github.com/tiagodread/grpc-tickets/pkg/services/factors/factors_grpc.pb.go:47.2,47.17 1 0
github.com/tiagodread/grpc-tickets/pkg/services/factors/factors_grpc.pb.go:65.110,67.2 1 0
github.com/tiagodread/grpc-tickets/pkg/services/factors/factors_grpc.pb.go:68.88,68.89 0 0
github.com/tiagodread/grpc-tickets/pkg/services/factors/factors_grpc.pb.go:69.88,69.89 0 0
github.com/tiagodread/grpc-tickets/pkg/services/factors/factors_grpc.pb.go:78.86,83.59 1 0
github.com/tiagodread/grpc-tickets/pkg/services/factors/factors_grpc.pb.go:83.59,85.3 1 0
github.com/tiagodread/grpc-tickets/pkg/services/factors/factors_grpc.pb.go:86.2,86.53 1 0
github.com/tiagodread/grpc-tickets/pkg/services/factors/factors_grpc.pb.go:89.169,91.32 2 0
github.com/tiagodread/grpc-tickets/pkg/services/factors/factors_grpc.pb.go:91.32,93.3 1 0
github.com/tiagodread/grpc-tickets/pkg/services/factors/factors_grpc.pb.go:94.2,94.24 1 0
github.com/tiagodread/grpc-tickets/pkg/services/factors/factors_grpc.pb.go:94.24,96.3 1 0
github.com/tiagodread/grpc-tickets/pkg/services/factors/factors_grpc.pb.go:97.2,101.77 2 0
github.com/tiagodread/grpc-tickets/pkg/services/factors/factors_grpc.pb.go:101.77,103.3 1 0
github.com/tiagodread/grpc-tickets/pkg/services/factors/factors_grpc.pb.go:104.2,104.44 1 0
github.com/tiagodread/grpc-tickets/pkg/services/calculator/calculator.pb.go:33.27,38.2 4 0
github.com/tiagodread/grpc-tickets/pkg/services/calculator/calculator.pb.go:40.35,42.2 1 0
github.com/tiagodread/grpc-tickets/pkg/services/calculator/calculator.pb.go:44.33,44.34 0 0
github.com/tiagodread/grpc-tickets/pkg/services/calculator/calculator.pb.go:46.55,48.14 2 0
github.com/tiagodread/grpc-tickets/pkg/services/calculator/calculator.pb.go:48.14,50.34 2 0
github.com/tiagodread/grpc-tickets/pkg/services/calculator/calculator.pb.go:50.34,52.4 1 0
github.com/tiagodread/grpc-tickets/pkg/services/calculator/calculator.pb.go:53.3,53.12 1 0
github.com/tiagodread/grpc-tickets/pkg/services/calculator/calculator.pb.go:55.2,55.24 1 0
github.com/tiagodread/grpc-tickets/pkg/services/calculator/calculator.pb.go:59.46,61.2 1 0
github.com/tiagodread/grpc-tickets/pkg/services/calculator/calculator.pb.go:63.32,64.14 1 0
github.com/tiagodread/grpc-tickets/pkg/services/calculator/calculator.pb.go:64.14,66.3 1 0
github.com/tiagodread/grpc-tickets/pkg/services/calculator/calculator.pb.go:67.2,67.10 1 0
github.com/tiagodread/grpc-tickets/pkg/services/calculator/calculator.pb.go:70.32,71.14 1 0
github.com/tiagodread/grpc-tickets/pkg/services/calculator/calculator.pb.go:71.14,73.3 1 0
github.com/tiagodread/grpc-tickets/pkg/services/calculator/calculator.pb.go:74.2,74.10 1 0
github.com/tiagodread/grpc-tickets/pkg/services/calculator/calculator.pb.go:77.38,78.14 1 0
github.com/tiagodread/grpc-tickets/pkg/services/calculator/calculator.pb.go:78.14,80.3 1 0
github.com/tiagodread/grpc-tickets/pkg/services/calculator/calculator.pb.go:81.2,81.11 1 0
github.com/tiagodread/grpc-tickets/pkg/services/calculator/calculator.pb.go:91.28,96.2 4 0
github.com/tiagodread/grpc-tickets/pkg/services/calculator/calculator.pb.go:98.36,100.2 1 0
github.com/tiagodread/grpc-tickets/pkg/services/calculator/calculator.pb.go:102.34,102.35 0 0
github.com/tiagodread/grpc-tickets/pkg/services/calculator/calculator.pb.go:104.56,106.14 2 0
github.com/tiagodread/grpc-tickets/pkg/services/calculator/calculator.pb.go:106.14,108.34 2 0
github.com/tiagodread/grpc-tickets/pkg/services/calculator/calculator.pb.go:108.34,110.4 1 0
github.com/tiagodread/grpc-tickets/pkg/services/calculator/calculator.pb.go:111.3,111.12 1 0
github.com/tiagodread/grpc-tickets/pkg/services/calculator/calculator.pb.go:113.2,113.24 1 0
github.com/tiagodread/grpc-tickets/pkg/services/calculator/calculator.pb.go:117.47,119.2 1 0
github.com/tiagodread/grpc-tickets/pkg/services/calculator/calculator.pb.go:121.38,122.14 1 0
github.com/tiagodread/grpc-tickets/pkg/services/calculator/calculator.pb.go:122.14,124.3 1 0
github.com/tiagodread/grpc-tickets/pkg/services/calculator/calculator.pb.go:125.2,125.10 1 0
github.com/tiagodread/grpc-tickets/pkg/services/calculator/calculator.pb.go:151.73,152.70 1 0
github.com/tiagodread/grpc-tickets/pkg/services/calculator/calculator.pb.go:152.70,154.3 1 0
github.com/tiagodread/grpc-tickets/pkg/services/calculator/calculator.pb.go:155.2,155.66 1 0
github.com/tiagodread/grpc-tickets/pkg/services/calculator/calculator.pb.go:179.13,179.69 1 0
github.com/tiagodread/grpc-tickets/pkg/services/calculator/calculator.pb.go:180.59,181.58 1 0
github.com/tiagodread/grpc-tickets/pkg/services/calculator/calculator.pb.go:181.58,183.3 1 0
github.com/tiagodread/grpc-tickets/pkg/services/calculator/calculator.pb.go:184.2,200.61 5 0
github.com/tiagodread/grpc-tickets/pkg/services/calculator/calculator_grpc.pb.go:42.86,44.2 1 0
github.com/tiagodread/grpc-tickets/pkg/services/calculator/calculator_grpc.pb.go:46.117,50.16 4 0
github.com/tiagodread/grpc-tickets/pkg/services/calculator/calculator_grpc.pb.go:50.16,52.3 1 0
github.com/tiagodread/grpc-tickets/pkg/services/calculator/calculator_grpc.pb.go:53.2,53.17 1 0
github.com/tiagodread/grpc-tickets/pkg/services/calculator/calculator_grpc.pb.go:56.120,60.16 4 0
github.com/tiagodread/grpc-tickets/pkg/services/calculator/calculator_grpc.pb.go:60.16,62.3 1 0
github.com/tiagodread/grpc-tickets/pkg/services/calculator/calculator_grpc.pb.go:63.2,63.17 1 0
github.com/tiagodread/grpc-tickets/pkg/services/calculator/calculator_grpc.pb.go:66.122,70.16 4 0
github.com/tiagodread/grpc-tickets/pkg/services/calculator/calculator_grpc.pb.go:70.16,72.3 1 0
github.com/tiagodread/grpc-tickets/pkg/services/calculator/calculator_grpc.pb.go:73.2,73.17 1 0
github.com/tiagodread/grpc-tickets/pkg/services/calculator/calculator_grpc.pb.go:76.122,80.16 4 0
github.com/tiagodread/grpc-tickets/pkg/services/calculator/calculator_grpc.pb.go:80.16,82.3 1 0
github.com/tiagodread/grpc-tickets/pkg/services/calculator/calculator_grpc.pb.go:83.2,83.17 1 0
github.com/tiagodread/grpc-tickets/pkg/services/calculator/calculator_grpc.pb.go:104.95,106.2 1 0
github.com/tiagodread/grpc-tickets/pkg/services/calculator/calculator_grpc.pb.go:107.98,109.2 1 0
github.com/tiagodread/grpc-tickets/pkg/services/calculator/calculator_grpc.pb.go:110.100,112.2 1 0
github.com/tiagodread/grpc-tickets/pkg/services/calculator/calculator_grpc.pb.go:113.100,115.2 1 0
github.com/tiagodread/grpc-tickets/pkg/services/calculator/calculator_grpc.pb.go:116.94,116.95 0 0
github.com/tiagodread/grpc-tickets/pkg/services/calculator/calculator_grpc.pb.go:117.94,117.95 0 0
github.com/tiagodread/grpc-tickets/pkg/services/calculator/calculator_grpc.pb.go:126.92,131.59 1 0
github.com/tiagodread/grpc-tickets/pkg/services/calculator/calculator_grpc.pb.go:131.59,133.3 1 0
github.com/tiagodread/grpc-tickets/pkg/services/calculator/calculator_grpc.pb.go:134.2,134.56 1 0
github.com/tiagodread/grpc-tickets/pkg/services/calculator/calculator_grpc.pb.go:137.166,139.32 2 0
github.com/tiagodread/grpc-tickets/pkg/services/calculator/calculator_grpc.pb.go:139.32,141.3 1 0
github.com/tiagodread/grpc-tickets/pkg/services/calculator/calculator_grpc.pb.go:142.2,142.24 1 0
github.com/tiagodread/grpc-tickets/pkg/services/calculator/calculator_grpc.pb.go:142.24,144.3 1 0
github.com/tiagodread/grpc-tickets/pkg/services/calculator/calculator_grpc.pb.go:145.2,149.77 2 0
github.com/tiagodread/grpc-tickets/pkg/services/calculator/calculator_grpc.pb.go:149.77,151.3 1 0
github.com/tiagodread/grpc-tickets/pkg/services/calculator/calculator_grpc.pb.go:152.2,152.44 1 0
github.com/tiagodread/grpc-tickets/pkg/services/calculator/calculator_grpc.pb.go:155.169,157.32 2 0
github.com/tiagodread/grpc-tickets/pkg/services/calculator/calculator_grpc.pb.go:157.32,159.3 1 0
github.com/tiagodread/grpc-tickets/pkg/services/calculator/calculator_grpc.pb.go:160.2,160.24 1 0
github.com/tiagodread/grpc-tickets/pkg/services/calculator/calculator_grpc.pb.go:160.24,162.3 1 0
github.com/tiagodread/grpc-tickets/pkg/services/calculator/calculator_grpc.pb.go:163.2,167.77 2 0
github.com/tiagodread/grpc-tickets/pkg/services/calculator/calculator_grpc.pb.go:167.77,169.3 1 0
github.com/tiagodread/grpc-tickets/pkg/services/calculator/calculator_grpc.pb.go:170.2,170.44 1 0
github.com/tiagodread/grpc-tickets/pkg/services/calculator/calculator_grpc.pb.go:173.171,175.32 2 0
github.com/tiagodread/grpc-tickets/pkg/services/calculator/calculator_grpc.pb.go:175.32,177.3 1 0
github.com/tiagodread/grpc-tickets/pkg/services/calculator/calculator_grpc.pb.go:178.2,178.24 1 0
github.com/tiagodread/grpc-tickets/pkg/services/calculator/calculator_grpc.pb.go:178.24,180.3 1 0
github.com/tiagodread/grpc-tickets/pkg/services/calculator/calculator_grpc.pb.go:181.2,185.77 2 0
github.com/tiagodread/grpc-tickets/pkg/services/calculator/calculator_grpc.pb.go:185.77,187.3 1 0
github.com/tiagodread/grpc-tickets/pkg/services/calculator/calculator_grpc.pb.go:188.2,188.44 1 0
github.com/tiagodread/grpc-tickets/pkg/services/calculator/calculator_grpc.pb.go:191.171,193.32 2 0
github.com/tiagodread/grpc-tickets/pkg/services/calculator/calculator_grpc.pb.go:193.32,195.3 1 0
github.com/tiagodread/grpc-tickets/pkg/services/calculator/calculator_grpc.pb.go:196.2,196.24 1 0
github.com/tiagodread/grpc-tickets/pkg/services/calculator/calculator_grpc.pb.go:196.24,198.3 1 0
github.com/tiagodread/grpc-tickets/pkg/services/calculator/calculator_grpc.pb.go:199.2,203.77 2 0
github.com/tiagodread/grpc-tickets/pkg/services/calculator/calculator_grpc.pb.go:203.77,205.3 1 0
github.com/tiagodread/grpc-tickets/pkg/services/calculator/calculator_grpc.pb.go:206.2,206.44 1 0
github.com/tiagodread/grpc-tickets/services/calculator/internal/client/factor_client.go:16.61,18.16 2 0
github.com/tiagodread/grpc-tickets/services/calculator/internal/client/factor_client.go:18.16,20.3 1 0
github.com/tiagodread/grpc-tickets/services/calculator/internal/client/factor_client.go:22.2,25.8 1 0
github.com/tiagodread/grpc-tickets/services/calculator/internal/client/factor_client.go:28.99,34.16 3 0
github.com/tiagodread/grpc-tickets/services/calculator/internal/client/factor_client.go:34.16,36.3 1 0
github.com/tiagodread/grpc-tickets/services/calculator/internal/client/factor_client.go:38.2,38.18 1 0
github.com/tiagodread/grpc-tickets/services/calculator/internal/client/factor_client.go:41.33,43.40 1 0
github.com/tiagodread/grpc-tickets/services/calculator/internal/client/factor_client.go:43.40,45.3 1 0
github.com/tiagodread/grpc-tickets/services/calculator/cmd/grpc/main.go:15.13,17.16 2 0
github.com/tiagodread/grpc-tickets/services/calculator/cmd/grpc/main.go:17.16,19.3 1 0
github.com/tiagodread/grpc-tickets/services/calculator/cmd/grpc/main.go:21.2,24.16 3 0
github.com/tiagodread/grpc-tickets/services/calculator/cmd/grpc/main.go:24.16,26.3 1 0
github.com/tiagodread/grpc-tickets/services/calculator/cmd/grpc/main.go:27.2,34.49 5 0
github.com/tiagodread/grpc-tickets/services/calculator/cmd/grpc/main.go:34.49,36.3 1 0
github.com/tiagodread/grpc-tickets/services/calculator/cmd/grpc/main.go:38.2,38.55 1 0
github.com/tiagodread/grpc-tickets/services/calculator/internal/service/mocks/mock_calculator_service.go:33.79,37.2 3 0
github.com/tiagodread/grpc-tickets/services/calculator/internal/service/mocks/mock_calculator_service.go:40.77,42.2 1 0
github.com/tiagodread/grpc-tickets/services/calculator/internal/service/mocks/mock_calculator_service.go:45.103,51.2 5 0
github.com/tiagodread/grpc-tickets/services/calculator/internal/service/mocks/mock_calculator_service.go:54.89,57.2 2 0
github.com/tiagodread/grpc-tickets/services/calculator/internal/service/mocks/mock_calculator_service.go:60.105,66.2 5 0
github.com/tiagodread/grpc-tickets/services/calculator/internal/service/mocks/mock_calculator_service.go:69.91,72.2 2 0
github.com/tiagodread/grpc-tickets/services/calculator/internal/service/mocks/mock_calculator_service.go:75.105,81.2 5 0
github.com/tiagodread/grpc-tickets/services/calculator/internal/service/mocks/mock_calculator_service.go:84.91,87.2 2 0
github.com/tiagodread/grpc-tickets/services/calculator/internal/service/mocks/mock_calculator_service.go:90.100,96.2 5 0
github.com/tiagodread/grpc-tickets/services/calculator/internal/service/mocks/mock_calculator_service.go:99.86,102.2 2 0
github.com/tiagodread/grpc-tickets/services/calculator/internal/service/mocks/mock_calculator_service.go:117.69,121.2 3 0
github.com/tiagodread/grpc-tickets/services/calculator/internal/service/mocks/mock_calculator_service.go:124.67,126.2 1 0
github.com/tiagodread/grpc-tickets/services/calculator/internal/service/mocks/mock_calculator_service.go:129.107,135.2 5 0
github.com/tiagodread/grpc-tickets/services/calculator/internal/service/mocks/mock_calculator_service.go:138.81,141.2 2 0
github.com/tiagodread/grpc-tickets/pkg/services/calculator/calculator.pb.go:33.27,38.2 4 0
github.com/tiagodread/grpc-tickets/pkg/services/calculator/calculator.pb.go:40.35,42.2 1 0
github.com/tiagodread/grpc-tickets/pkg/services/calculator/calculator.pb.go:44.33,44.34 0 0
github.com/tiagodread/grpc-tickets/pkg/services/calculator/calculator.pb.go:46.55,48.14 2 0
github.com/tiagodread/grpc-tickets/pkg/services/calculator/calculator.pb.go:48.14,50.34 2 0
github.com/tiagodread/grpc-tickets/pkg/services/calculator/calculator.pb.go:50.34,52.4 1 0
github.com/tiagodread/grpc-tickets/pkg/services/calculator/calculator.pb.go:53.3,53.12 1 0
github.com/tiagodread/grpc-tickets/pkg/services/calculator/calculator.pb.go:55.2,55.24 1 0
github.com/tiagodread/grpc-tickets/pkg/services/calculator/calculator.pb.go:59.46,61.2 1 0
github.com/tiagodread/grpc-tickets/pkg/services/calculator/calculator.pb.go:63.32,64.14 1 1
github.com/tiagodread/grpc-tickets/pkg/services/calculator/calculator.pb.go:64.14,66.3 1 1
github.com/tiagodread/grpc-tickets/pkg/services/calculator/calculator.pb.go:67.2,67.10 1 0
github.com/tiagodread/grpc-tickets/pkg/services/calculator/calculator.pb.go:70.32,71.14 1 1
github.com/tiagodread/grpc-tickets/pkg/services/calculator/calculator.pb.go:71.14,73.3 1 1
github.com/tiagodread/grpc-tickets/pkg/services/calculator/calculator.pb.go:74.2,74.10 1 0
github.com/tiagodread/grpc-tickets/pkg/services/calculator/calculator.pb.go:77.38,78.14 1 1
github.com/tiagodread/grpc-tickets/pkg/services/calculator/calculator.pb.go:78.14,80.3 1 1
github.com/tiagodread/grpc-tickets/pkg/services/calculator/calculator.pb.go:81.2,81.11 1 0
github.com/tiagodread/grpc-tickets/pkg/services/calculator/calculator.pb.go:91.28,96.2 4 0
github.com/tiagodread/grpc-tickets/pkg/services/calculator/calculator.pb.go:98.36,100.2 1 0
github.com/tiagodread/grpc-tickets/pkg/services/calculator/calculator.pb.go:102.34,102.35 0 0
github.com/tiagodread/grpc-tickets/pkg/services/calculator/calculator.pb.go:104.56,106.14 2 0
github.com/tiagodread/grpc-tickets/pkg/services/calculator/calculator.pb.go:106.14,108.34 2 0
github.com/tiagodread/grpc-tickets/pkg/services/calculator/calculator.pb.go:108.34,110.4 1 0
github.com/tiagodread/grpc-tickets/pkg/services/calculator/calculator.pb.go:111.3,111.12 1 0
github.com/tiagodread/grpc-tickets/pkg/services/calculator/calculator.pb.go:113.2,113.24 1 0
github.com/tiagodread/grpc-tickets/pkg/services/calculator/calculator.pb.go:117.47,119.2 1 0
github.com/tiagodread/grpc-tickets/pkg/services/calculator/calculator.pb.go:121.38,122.14 1 0
github.com/tiagodread/grpc-tickets/pkg/services/calculator/calculator.pb.go:122.14,124.3 1 0
github.com/tiagodread/grpc-tickets/pkg/services/calculator/calculator.pb.go:125.2,125.10 1 0
github.com/tiagodread/grpc-tickets/pkg/services/calculator/calculator.pb.go:151.73,152.70 1 0
github.com/tiagodread/grpc-tickets/pkg/services/calculator/calculator.pb.go:152.70,154.3 1 0
github.com/tiagodread/grpc-tickets/pkg/services/calculator/calculator.pb.go:155.2,155.66 1 0
github.com/tiagodread/grpc-tickets/pkg/services/calculator/calculator.pb.go:179.13,179.69 1 1
github.com/tiagodread/grpc-tickets/pkg/services/calculator/calculator.pb.go:180.59,181.58 1 1
github.com/tiagodread/grpc-tickets/pkg/services/calculator/calculator.pb.go:181.58,183.3 1 0
github.com/tiagodread/grpc-tickets/pkg/services/calculator/calculator.pb.go:184.2,200.61 5 1
github.com/tiagodread/grpc-tickets/pkg/services/calculator/calculator_grpc.pb.go:42.86,44.2 1 0
github.com/tiagodread/grpc-tickets/pkg/services/calculator/calculator_grpc.pb.go:46.117,50.16 4 0
github.com/tiagodread/grpc-tickets/pkg/services/calculator/calculator_grpc.pb.go:50.16,52.3 1 0
github.com/tiagodread/grpc-tickets/pkg/services/calculator/calculator_grpc.pb.go:53.2,53.17 1 0
github.com/tiagodread/grpc-tickets/pkg/services/calculator/calculator_grpc.pb.go:56.120,60.16 4 0
github.com/tiagodread/grpc-tickets/pkg/services/calculator/calculator_grpc.pb.go:60.16,62.3 1 0
github.com/tiagodread/grpc-tickets/pkg/services/calculator/calculator_grpc.pb.go:63.2,63.17 1 0
github.com/tiagodread/grpc-tickets/pkg/services/calculator/calculator_grpc.pb.go:66.122,70.16 4 0
github.com/tiagodread/grpc-tickets/pkg/services/calculator/calculator_grpc.pb.go:70.16,72.3 1 0
github.com/tiagodread/grpc-tickets/pkg/services/calculator/calculator_grpc.pb.go:73.2,73.17 1 0
github.com/tiagodread/grpc-tickets/pkg/services/calculator/calculator_grpc.pb.go:76.122,80.16 4 0
github.com/tiagodread/grpc-tickets/pkg/services/calculator/calculator_grpc.pb.go:80.16,82.3 1 0
github.com/tiagodread/grpc-tickets/pkg/services/calculator/calculator_grpc.pb.go:83.2,83.17 1 0
github.com/tiagodread/grpc-tickets/pkg/services/calculator/calculator_grpc.pb.go:104.95,106.2 1 0
github.com/tiagodread/grpc-tickets/pkg/services/calculator/calculator_grpc.pb.go:107.98,109.2 1 0
github.com/tiagodread/grpc-tickets/pkg/services/calculator/calculator_grpc.pb.go:110.100,112.2 1 0
github.com/tiagodread/grpc-tickets/pkg/services/calculator/calculator_grpc.pb.go:113.100,115.2 1 0
github.com/tiagodread/grpc-tickets/pkg/services/calculator/calculator_grpc.pb.go:116.94,116.95 0 0
github.com/tiagodread/grpc-tickets/pkg/services/calculator/calculator_grpc.pb.go:117.94,117.95 0 0
github.com/tiagodread/grpc-tickets/pkg/services/calculator/calculator_grpc.pb.go:126.92,131.59 1 0
github.com/tiagodread/grpc-tickets/pkg/services/calculator/calculator_grpc.pb.go:131.59,133.3 1 0
github.com/tiagodread/grpc-tickets/pkg/services/calculator/calculator_grpc.pb.go:134.2,134.56 1 0
github.com/tiagodread/grpc-tickets/pkg/services/calculator/calculator_grpc.pb.go:137.166,139.32 2 0
github.com/tiagodread/grpc-tickets/pkg/services/calculator/calculator_grpc.pb.go:139.32,141.3 1 0
github.com/tiagodread/grpc-tickets/pkg/services/calculator/calculator_grpc.pb.go:142.2,142.24 1 0
github.com/tiagodread/grpc-tickets/pkg/services/calculator/calculator_grpc.pb.go:142.24,144.3 1 0
github.com/tiagodread/grpc-tickets/pkg/services/calculator/calculator_grpc.pb.go:145.2,149.77 2 0
github.com/tiagodread/grpc-tickets/pkg/services/calculator/calculator_grpc.pb.go:149.77,151.3 1 0
github.com/tiagodread/grpc-tickets/pkg/services/calculator/calculator_grpc.pb.go:152.2,152.44 1 0
github.com/tiagodread/grpc-tickets/pkg/services/calculator/calculator_grpc.pb.go:155.169,157.32 2 0
github.com/tiagodread/grpc-tickets/pkg/services/calculator/calculator_grpc.pb.go:157.32,159.3 1 0
github.com/tiagodread/grpc-tickets/pkg/services/calculator/calculator_grpc.pb.go:160.2,160.24 1 0
github.com/tiagodread/grpc-tickets/pkg/services/calculator/calculator_grpc.pb.go:160.24,162.3 1 0
github.com/tiagodread/grpc-tickets/pkg/services/calculator/calculator_grpc.pb.go:163.2,167.77 2 0
github.com/tiagodread/grpc-tickets/pkg/services/calculator/calculator_grpc.pb.go:167.77,169.3 1 0
github.com/tiagodread/grpc-tickets/pkg/services/calculator/calculator_grpc.pb.go:170.2,170.44 1 0
github.com/tiagodread/grpc-tickets/pkg/services/calculator/calculator_grpc.pb.go:173.171,175.32 2 0
github.com/tiagodread/grpc-tickets/pkg/services/calculator/calculator_grpc.pb.go:175.32,177.3 1 0
github.com/tiagodread/grpc-tickets/pkg/services/calculator/calculator_grpc.pb.go:178.2,178.24 1 0
github.com/tiagodread/grpc-tickets/pkg/services/calculator/calculator_grpc.pb.go:178.24,180.3 1 0
github.com/tiagodread/grpc-tickets/pkg/services/calculator/calculator_grpc.pb.go:181.2,185.77 2 0
github.com/tiagodread/grpc-tickets/pkg/services/calculator/calculator_grpc.pb.go:185.77,187.3 1 0
github.com/tiagodread/grpc-tickets/pkg/services/calculator/calculator_grpc.pb.go:188.2,188.44 1 0
github.com/tiagodread/grpc-tickets/pkg/services/calculator/calculator_grpc.pb.go:191.171,193.32 2 0
github.com/tiagodread/grpc-tickets/pkg/services/calculator/calculator_grpc.pb.go:193.32,195.3 1 0
github.com/tiagodread/grpc-tickets/pkg/services/calculator/calculator_grpc.pb.go:196.2,196.24 1 0
github.com/tiagodread/grpc-tickets/pkg/services/calculator/calculator_grpc.pb.go:196.24,198.3 1 0
github.com/tiagodread/grpc-tickets/pkg/services/calculator/calculator_grpc.pb.go:199.2,203.77 2 0
github.com/tiagodread/grpc-tickets/pkg/services/calculator/calculator_grpc.pb.go:203.77,205.3 1 0
github.com/tiagodread/grpc-tickets/pkg/services/calculator/calculator_grpc.pb.go:206.2,206.44 1 0
github.com/tiagodread/grpc-tickets/pkg/services/factors/factors.pb.go:31.33,36.2 4 0
github.com/tiagodread/grpc-tickets/pkg/services/factors/factors.pb.go:38.41,40.2 1 0
github.com/tiagodread/grpc-tickets/pkg/services/factors/factors.pb.go:42.39,42.40 0 0
github.com/tiagodread/grpc-tickets/pkg/services/factors/factors.pb.go:44.61,46.14 2 0
github.com/tiagodread/grpc-tickets/pkg/services/factors/factors.pb.go:46.14,48.34 2 0
github.com/tiagodread/grpc-tickets/pkg/services/factors/factors.pb.go:48.34,50.4 1 0
github.com/tiagodread/grpc-tickets/pkg/services/factors/factors.pb.go:51.3,51.12 1 0
github.com/tiagodread/grpc-tickets/pkg/services/factors/factors.pb.go:53.2,53.24 1 0
github.com/tiagodread/grpc-tickets/pkg/services/factors/factors.pb.go:57.52,59.2 1 0
github.com/tiagodread/grpc-tickets/pkg/services/factors/factors.pb.go:61.44,62.14 1 0
github.com/tiagodread/grpc-tickets/pkg/services/factors/factors.pb.go:62.14,64.3 1 0
github.com/tiagodread/grpc-tickets/pkg/services/factors/factors.pb.go:65.2,65.11 1 0
github.com/tiagodread/grpc-tickets/pkg/services/factors/factors.pb.go:75.34,80.2 4 0
github.com/tiagodread/grpc-tickets/pkg/services/factors/factors.pb.go:82.42,84.2 1 0
github.com/tiagodread/grpc-tickets/pkg/services/factors/factors.pb.go:86.40,86.41 0 0
github.com/tiagodread/grpc-tickets/pkg/services/factors/factors.pb.go:88.62,90.14 2 0
github.com/tiagodread/grpc-tickets/pkg/services/factors/factors.pb.go:90.14,92.34 2 0
github.com/tiagodread/grpc-tickets/pkg/services/factors/factors.pb.go:92.34,94.4 1 0
github.com/tiagodread/grpc-tickets/pkg/services/factors/factors.pb.go:95.3,95.12 1 0
github.com/tiagodread/grpc-tickets/pkg/services/factors/factors.pb.go:97.2,97.24 1 0
github.com/tiagodread/grpc-tickets/pkg/services/factors/factors.pb.go:101.53,103.2 1 0
github.com/tiagodread/grpc-tickets/pkg/services/factors/factors.pb.go:105.43,106.14 1 0
github.com/tiagodread/grpc-tickets/pkg/services/factors/factors.pb.go:106.14,108.3 1 0
github.com/tiagodread/grpc-tickets/pkg/services/factors/factors.pb.go:109.2,109.10 1 0
github.com/tiagodread/grpc-tickets/pkg/services/factors/factors.pb.go:129.67,130.64 1 0
github.com/tiagodread/grpc-tickets/pkg/services/factors/factors.pb.go:130.64,132.3 1 0
github.com/tiagodread/grpc-tickets/pkg/services/factors/factors.pb.go:133.2,133.60 1 0
github.com/tiagodread/grpc-tickets/pkg/services/factors/factors.pb.go:151.13,151.63 1 1
github.com/tiagodread/grpc-tickets/pkg/services/factors/factors.pb.go:152.53,153.52 1 1
github.com/tiagodread/grpc-tickets/pkg/services/factors/factors.pb.go:153.52,155.3 1 0
github.com/tiagodread/grpc-tickets/pkg/services/factors/factors.pb.go:156.2,172.55 5 1
github.com/tiagodread/grpc-tickets/pkg/services/factors/factors_grpc.pb.go:36.80,38.2 1 0
github.com/tiagodread/grpc-tickets/pkg/services/factors/factors_grpc.pb.go:40.132,44.16 4 0
github.com/tiagodread/grpc-tickets/pkg/services/factors/factors_grpc.pb.go:44.16,46.3 1 0
github.com/tiagodread/grpc-tickets/pkg/services/factors/factors_grpc.pb.go:47.2,47.17 1 0
github.com/tiagodread/grpc-tickets/pkg/services/factors/factors_grpc.pb.go:65.110,67.2 1 0
github.com/tiagodread/grpc-tickets/pkg/services/factors/factors_grpc.pb.go:68.88,68.89 0 0
github.com/tiagodread/grpc-tickets/pkg/services/factors/factors_grpc.pb.go:69.88,69.89 0 0
github.com/tiagodread/grpc-tickets/pkg/services/factors/factors_grpc.pb.go:78.86,83.59 1 0
github.com/tiagodread/grpc-tickets/pkg/services/factors/factors_grpc.pb.go:83.59,85.3 1 0
github.com/tiagodread/grpc-tickets/pkg/services/factors/factors_grpc.pb.go:86.2,86.53 1 0
github.com/tiagodread/grpc-tickets/pkg/services/factors/factors_grpc.pb.go:89.169,91.32 2 0
github.com/tiagodread/grpc-tickets/pkg/services/factors/factors_grpc.pb.go:91.32,93.3 1 0
github.com/tiagodread/grpc-tickets/pkg/services/factors/factors_grpc.pb.go:94.2,94.24 1 0
github.com/tiagodread/grpc-tickets/pkg/services/factors/factors_grpc.pb.go:94.24,96.3 1 0
github.com/tiagodread/grpc-tickets/pkg/services/factors/factors_grpc.pb.go:97.2,101.77 2 0
github.com/tiagodread/grpc-tickets/pkg/services/factors/factors_grpc.pb.go:101.77,103.3 1 0
github.com/tiagodread/grpc-tickets/pkg/services/factors/factors_grpc.pb.go:104.2,104.44 1 0
github.com/tiagodread/grpc-tickets/services/calculator/internal/handler/grpc_handler.go:15.77,19.2 1 1
github.com/tiagodread/grpc-tickets/services/calculator/internal/handler/grpc_handler.go:21.93,23.16 2 1
github.com/tiagodread/grpc-tickets/services/calculator/internal/handler/grpc_handler.go:23.16,25.3 1 1
github.com/tiagodread/grpc-tickets/services/calculator/internal/handler/grpc_handler.go:26.2,26.42 1 1
github.com/tiagodread/grpc-tickets/services/calculator/internal/handler/grpc_handler.go:29.98,31.16 2 1
github.com/tiagodread/grpc-tickets/services/calculator/internal/handler/grpc_handler.go:31.16,33.3 1 1
github.com/tiagodread/grpc-tickets/services/calculator/internal/handler/grpc_handler.go:34.2,34.42 1 1
github.com/tiagodread/grpc-tickets/services/calculator/internal/handler/grpc_handler.go:37.96,39.16 2 1
github.com/tiagodread/grpc-tickets/services/calculator/internal/handler/grpc_handler.go:39.16,41.3 1 1
github.com/tiagodread/grpc-tickets/services/calculator/internal/handler/grpc_handler.go:42.2,42.42 1 1
github.com/tiagodread/grpc-tickets/services/calculator/internal/handler/grpc_handler.go:45.98,47.16 2 1
github.com/tiagodread/grpc-tickets/services/calculator/internal/handler/grpc_handler.go:47.16,49.3 1 1
github.com/tiagodread/grpc-tickets/services/calculator/internal/handler/grpc_handler.go:50.2,50.42 1 1
github.com/tiagodread/grpc-tickets/services/calculator/internal/service/mocks/mock_calculator_service.go:33.79,37.2 3 1
github.com/tiagodread/grpc-tickets/services/calculator/internal/service/mocks/mock_calculator_service.go:40.77,42.2 1 1
github.com/tiagodread/grpc-tickets/services/calculator/internal/service/mocks/mock_calculator_service.go:45.103,51.2 5 1
github.com/tiagodread/grpc-tickets/services/calculator/internal/service/mocks/mock_calculator_service.go:54.89,57.2 2 1
github.com/tiagodread/grpc-tickets/services/calculator/internal/service/mocks/mock_calculator_service.go:60.105,66.2 5 1
github.com/tiagodread/grpc-tickets/services/calculator/internal/service/mocks/mock_calculator_service.go:69.91,72.2 2 1
github.com/tiagodread/grpc-tickets/services/calculator/internal/service/mocks/mock_calculator_service.go:75.105,81.2 5 1
github.com/tiagodread/grpc-tickets/services/calculator/internal/service/mocks/mock_calculator_service.go:84.91,87.2 2 1
github.com/tiagodread/grpc-tickets/services/calculator/internal/service/mocks/mock_calculator_service.go:90.100,96.2 5 1
github.com/tiagodread/grpc-tickets/services/calculator/internal/service/mocks/mock_calculator_service.go:99.86,102.2 2 1
github.com/tiagodread/grpc-tickets/services/calculator/internal/service/mocks/mock_calculator_service.go:117.69,121.2 3 0
github.com/tiagodread/grpc-tickets/services/calculator/internal/service/mocks/mock_calculator_service.go:124.67,126.2 1 0
github.com/tiagodread/grpc-tickets/services/calculator/internal/service/mocks/mock_calculator_service.go:129.107,135.2 5 0
github.com/tiagodread/grpc-tickets/services/calculator/internal/service/mocks/mock_calculator_service.go:138.81,141.2 2 0
github.com/tiagodread/grpc-tickets/pkg/services/factors/factors.pb.go:31.33,36.2 4 0
github.com/tiagodread/grpc-tickets/pkg/services/factors/factors.pb.go:38.41,40.2 1 0
github.com/tiagodread/grpc-tickets/pkg/services/factors/factors.pb.go:42.39,42.40 0 0
github.com/tiagodread/grpc-tickets/pkg/services/factors/factors.pb.go:44.61,46.14 2 1
github.com/tiagodread/grpc-tickets/pkg/services/factors/factors.pb.go:46.14,48.34 2 1
github.com/tiagodread/grpc-tickets/pkg/services/factors/factors.pb.go:48.34,50.4 1 1
github.com/tiagodread/grpc-tickets/pkg/services/factors/factors.pb.go:51.3,51.12 1 1
github.com/tiagodread/grpc-tickets/pkg/services/factors/factors.pb.go:53.2,53.24 1 0
github.com/tiagodread/grpc-tickets/pkg/services/factors/factors.pb.go:57.52,59.2 1 0
github.com/tiagodread/grpc-tickets/pkg/services/factors/factors.pb.go:61.44,62.14 1 0
github.com/tiagodread/grpc-tickets/pkg/services/factors/factors.pb.go:62.14,64.3 1 0
github.com/tiagodread/grpc-tickets/pkg/services/factors/factors.pb.go:65.2,65.11 1 0
github.com/tiagodread/grpc-tickets/pkg/services/factors/factors.pb.go:75.34,80.2 4 1
github.com/tiagodread/grpc-tickets/pkg/services/factors/factors.pb.go:82.42,84.2 1 0
github.com/tiagodread/grpc-tickets/pkg/services/factors/factors.pb.go:86.40,86.41 0 0
github.com/tiagodread/grpc-tickets/pkg/services/factors/factors.pb.go:88.62,90.14 2 1
github.com/tiagodread/grpc-tickets/pkg/services/factors/factors.pb.go:90.14,92.34 2 1
github.com/tiagodread/grpc-tickets/pkg/services/factors/factors.pb.go:92.34,94.4 1 1
github.com/tiagodread/grpc-tickets/pkg/services/factors/factors.pb.go:95.3,95.12 1 1
github.com/tiagodread/grpc-tickets/pkg/services/factors/factors.pb.go:97.2,97.24 1 0
github.com/tiagodread/grpc-tickets/pkg/services/factors/factors.pb.go:101.53,103.2 1 0
github.com/tiagodread/grpc-tickets/pkg/services/factors/factors.pb.go:105.43,106.14 1 0
github.com/tiagodread/grpc-tickets/pkg/services/factors/factors.pb.go:106.14,108.3 1 0
github.com/tiagodread/grpc-tickets/pkg/services/factors/factors.pb.go:109.2,109.10 1 0
github.com/tiagodread/grpc-tickets/pkg/services/factors/factors.pb.go:129.67,130.64 1 0
github.com/tiagodread/grpc-tickets/pkg/services/factors/factors.pb.go:130.64,132.3 1 0
github.com/tiagodread/grpc-tickets/pkg/services/factors/factors.pb.go:133.2,133.60 1 0
github.com/tiagodread/grpc-tickets/pkg/services/factors/factors.pb.go:151.13,151.63 1 1
github.com/tiagodread/grpc-tickets/pkg/services/factors/factors.pb.go:152.53,153.52 1 1
github.com/tiagodread/grpc-tickets/pkg/services/factors/factors.pb.go:153.52,155.3 1 0
github.com/tiagodread/grpc-tickets/pkg/services/factors/factors.pb.go:156.2,172.55 5 1
github.com/tiagodread/grpc-tickets/pkg/services/factors/factors_grpc.pb.go:36.80,38.2 1 1
github.com/tiagodread/grpc-tickets/pkg/services/factors/factors_grpc.pb.go:40.132,44.16 4 1
github.com/tiagodread/grpc-tickets/pkg/services/factors/factors_grpc.pb.go:44.16,46.3 1 0
github.com/tiagodread/grpc-tickets/pkg/services/factors/factors_grpc.pb.go:47.2,47.17 1 1
github.com/tiagodread/grpc-tickets/pkg/services/factors/factors_grpc.pb.go:65.110,67.2 1 0
github.com/tiagodread/grpc-tickets/pkg/services/factors/factors_grpc.pb.go:68.88,68.89 0 0
github.com/tiagodread/grpc-tickets/pkg/services/factors/factors_grpc.pb.go:69.88,69.89 0 0
github.com/tiagodread/grpc-tickets/pkg/services/factors/factors_grpc.pb.go:78.86,83.59 1 0
github.com/tiagodread/grpc-tickets/pkg/services/factors/factors_grpc.pb.go:83.59,85.3 1 0
github.com/tiagodread/grpc-tickets/pkg/services/factors/factors_grpc.pb.go:86.2,86.53 1 0
github.com/tiagodread/grpc-tickets/pkg/services/factors/factors_grpc.pb.go:89.169,91.32 2 0
github.com/tiagodread/grpc-tickets/pkg/services/factors/factors_grpc.pb.go:91.32,93.3 1 0
github.com/tiagodread/grpc-tickets/pkg/services/factors/factors_grpc.pb.go:94.2,94.24 1 0
github.com/tiagodread/grpc-tickets/pkg/services/factors/factors_grpc.pb.go:94.24,96.3 1 0
github.com/tiagodread/grpc-tickets/pkg/services/factors/factors_grpc.pb.go:97.2,101.77 2 0
github.com/tiagodread/grpc-tickets/pkg/services/factors/factors_grpc.pb.go:101.77,103.3 1 0
github.com/tiagodread/grpc-tickets/pkg/services/factors/factors_grpc.pb.go:104.2,104.44 1 0
github.com/tiagodread/grpc-tickets/services/calculator/internal/client/factor_client.go:16.61,18.16 2 1
github.com/tiagodread/grpc-tickets/services/calculator/internal/client/factor_client.go:18.16,20.3 1 0
github.com/tiagodread/grpc-tickets/services/calculator/internal/client/factor_client.go:22.2,25.8 1 1
github.com/tiagodread/grpc-tickets/services/calculator/internal/client/factor_client.go:28.99,34.16 3 1
github.com/tiagodread/grpc-tickets/services/calculator/internal/client/factor_client.go:34.16,36.3 1 0
github.com/tiagodread/grpc-tickets/services/calculator/internal/client/factor_client.go:38.2,38.18 1 1
github.com/tiagodread/grpc-tickets/services/calculator/internal/client/factor_client.go:41.33,43.40 1 0
github.com/tiagodread/grpc-tickets/services/calculator/internal/client/factor_client.go:43.40,45.3 1 0
github.com/tiagodread/grpc-tickets/services/calculator/internal/service/calculator_service.go:25.72,29.2 1 1
github.com/tiagodread/grpc-tickets/services/calculator/internal/service/calculator_service.go:31.100,33.16 2 1
github.com/tiagodread/grpc-tickets/services/calculator/internal/service/calculator_service.go:33.16,35.3 1 0
github.com/tiagodread/grpc-tickets/services/calculator/internal/service/calculator_service.go:36.2,37.20 2 1
github.com/tiagodread/grpc-tickets/services/calculator/internal/service/calculator_service.go:40.109,41.12 1 1
github.com/tiagodread/grpc-tickets/services/calculator/internal/service/calculator_service.go:41.12,43.3 1 1
github.com/tiagodread/grpc-tickets/services/calculator/internal/service/calculator_service.go:44.2,45.16 2 1
github.com/tiagodread/grpc-tickets/services/calculator/internal/service/calculator_service.go:45.16,47.3 1 0
github.com/tiagodread/grpc-tickets/services/calculator/internal/service/calculator_service.go:48.2,49.20 2 1
github.com/tiagodread/grpc-tickets/services/calculator/internal/service/calculator_service.go:52.111,54.16 2 1
github.com/tiagodread/grpc-tickets/services/calculator/internal/service/calculator_service.go:54.16,56.3 1 0
github.com/tiagodread/grpc-tickets/services/calculator/internal/service/calculator_service.go:57.2,58.20 2 1
github.com/tiagodread/grpc-tickets/services/calculator/internal/service/calculator_service.go:61.111,63.16 2 1
github.com/tiagodread/grpc-tickets/services/calculator/internal/service/calculator_service.go:63.16,65.3 1 0
github.com/tiagodread/grpc-tickets/services/calculator/internal/service/calculator_service.go:66.2,67.20 2 1
